                                 Started job on |	Dec 15 17:28:19
                             Started mapping on |	Dec 15 17:28:22
                                    Finished on |	Dec 15 21:58:26
       Mapping speed, Million of reads per hour |	27.66

                          Number of input reads |	124504514
                      Average input read length |	266
                                    UNIQUE READS:
                   Uniquely mapped reads number |	4764788
                        Uniquely mapped reads % |	3.83%
                          Average mapped length |	276.29
                       Number of splices: Total |	4127298
            Number of splices: Annotated (sjdb) |	3746795
                       Number of splices: GT/AG |	4081388
                       Number of splices: GC/AG |	17994
                       Number of splices: AT/AC |	3825
               Number of splices: Non-canonical |	24091
                      Mismatch rate per base, % |	0.24%
                         Deletion rate per base |	0.02%
                        Deletion average length |	2.40
                        Insertion rate per base |	0.02%
                       Insertion average length |	1.91
                             MULTI-MAPPING READS:
        Number of reads mapped to multiple loci |	663607
             % of reads mapped to multiple loci |	0.53%
        Number of reads mapped to too many loci |	16457698
             % of reads mapped to too many loci |	13.22%
                                  UNMAPPED READS:
  Number of reads unmapped: too many mismatches |	0
       % of reads unmapped: too many mismatches |	0.00%
            Number of reads unmapped: too short |	94959228
                 % of reads unmapped: too short |	76.27%
                Number of reads unmapped: other |	7659193
                     % of reads unmapped: other |	6.15%
                                  CHIMERIC READS:
                       Number of chimeric reads |	0
                            % of chimeric reads |	0.00%
