           Time    Speed        Read     Read   Mapped   Mapped   Mapped   Mapped Unmapped Unmapped Unmapped Unmapped
                    M/hr      number   length   unique   length   MMrate    multi   multi+       MM    short    other
Dec 15 21:59:35      8.3      138849      265     7.2%    277.2     0.2%     1.2%    48.9%     0.0%    35.0%     7.8%
Dec 15 22:00:37     27.2      923117      266     7.3%    277.3     0.2%     1.2%    48.6%     0.0%    35.3%     7.7%
Dec 15 22:01:37     35.5     1794370      266     7.4%    277.5     0.2%     1.2%    48.3%     0.0%    35.4%     7.7%
Dec 15 22:02:37     37.6     2527489      267     7.4%    277.6     0.2%     1.2%    48.1%     0.0%    35.6%     7.7%
Dec 15 22:03:42     38.7     3304389      267     7.5%    277.6     0.2%     1.2%    47.8%     0.0%    35.8%     7.8%
Dec 15 22:04:44     39.4     4040210      267     7.4%    277.5     0.2%     1.2%    47.9%     0.0%    35.7%     7.9%
Dec 15 22:05:45     40.0     4774946      267     7.4%    277.5     0.2%     1.2%    47.9%     0.0%    35.6%     7.8%
Dec 15 22:06:45     40.1     5462728      267     7.4%    277.5     0.2%     1.2%    47.9%     0.0%    35.7%     7.8%
Dec 15 22:07:45     41.2     6287511      267     7.4%    277.5     0.2%     1.2%    47.9%     0.0%    35.7%     7.8%
Dec 15 22:08:45     40.9     6928733      267     7.4%    277.5     0.2%     1.2%    47.6%     0.0%    35.7%     8.1%
Dec 15 22:09:46     41.1     7666498      267     7.4%    277.5     0.2%     1.2%    47.6%     0.0%    35.7%     8.2%
Dec 15 22:10:48     41.3     8402417      267     7.3%    277.4     0.2%     1.2%    47.5%     0.0%    35.6%     8.4%
Dec 15 22:11:48     41.5     9137104      266     7.3%    277.4     0.2%     1.2%    47.3%     0.0%    35.6%     8.5%
Dec 15 22:12:56     41.3     9872410      266     7.3%    277.4     0.2%     1.2%    46.7%     0.0%    35.6%     9.2%
Dec 15 22:13:59     42.2    10837089      266     7.3%    277.3     0.2%     1.2%    46.0%     0.0%    35.6%    10.0%
Dec 15 22:15:00     42.0    11479144      266     7.3%    277.3     0.2%     1.2%    45.9%     0.0%    35.6%    10.1%
Dec 15 22:16:20     41.3    12209315      266     7.2%    277.2     0.2%     1.1%    45.7%     0.0%    35.7%    10.2%
Dec 15 22:17:27     41.0    12888738      267     7.0%    277.3     0.2%     1.1%    44.0%     0.0%    37.9%     9.9%
Dec 15 22:18:28     40.1    13295570      267     6.9%    277.3     0.2%     1.1%    43.1%     0.0%    39.2%     9.8%
Dec 15 22:19:39     39.0    13702127      267     6.8%    277.3     0.2%     1.1%    42.2%     0.0%    40.3%     9.7%
Dec 15 22:20:41     38.9    14333750      267     6.6%    277.3     0.2%     1.0%    40.9%     0.0%    42.0%     9.5%
Dec 15 22:21:45     38.3    14784830      267     6.5%    277.3     0.2%     1.0%    40.1%     0.0%    43.1%     9.4%
Dec 15 22:22:45     37.7    15190839      267     6.4%    277.3     0.2%     1.0%    39.4%     0.0%    44.0%     9.2%
Dec 15 22:23:49     37.3    15686952      267     6.3%    277.3     0.2%     1.0%    38.5%     0.0%    45.1%     9.1%
Dec 15 22:24:57     36.8    16182300      267     6.2%    277.3     0.2%     1.0%    37.7%     0.0%    46.1%     9.0%
Dec 15 22:25:57     36.6    16678722      268     6.1%    277.3     0.2%     1.0%    37.0%     0.0%    47.0%     8.9%
Dec 15 22:26:57     36.3    17177051      268     6.0%    277.4     0.2%     0.9%    36.3%     0.0%    47.9%     8.8%
Dec 15 22:27:57     36.1    17674279      268     5.9%    277.4     0.2%     0.9%    35.7%     0.0%    48.8%     8.7%
Dec 15 22:29:01     35.7    18125944      268     5.8%    277.4     0.2%     0.9%    35.2%     0.0%    49.5%     8.6%
Dec 15 22:30:08     35.4    18622507      268     5.7%    277.4     0.2%     0.9%    34.6%     0.0%    50.2%     8.6%
Dec 15 22:31:15     35.0    19073888      268     5.7%    277.4     0.2%     0.9%    34.1%     0.0%    50.9%     8.5%
Dec 15 22:32:15     34.9    19570421      268     5.6%    277.4     0.2%     0.9%    33.5%     0.0%    51.6%     8.4%
Dec 15 22:33:19     34.7    20066727      268     5.5%    277.4     0.2%     0.9%    33.0%     0.0%    52.2%     8.3%
Dec 15 22:34:20     34.4    20516862      268     5.5%    277.4     0.2%     0.9%    32.6%     0.0%    52.8%     8.3%
Dec 15 22:35:30     34.3    21106033      268     5.4%    277.4     0.2%     0.8%    32.0%     0.0%    53.5%     8.2%
Dec 15 22:36:30     34.3    21650408      268     5.3%    277.4     0.2%     0.8%    31.6%     0.0%    54.1%     8.2%
Dec 15 22:37:37     34.0    22148811      268     5.3%    277.4     0.2%     0.8%    31.2%     0.0%    54.6%     8.1%
Dec 15 22:38:43     33.8    22601094      268     5.2%    277.4     0.2%     0.8%    30.8%     0.0%    55.1%     8.1%
Dec 15 22:39:47     33.7    23143703      268     5.2%    277.4     0.2%     0.8%    30.4%     0.0%    55.6%     8.0%
Dec 15 22:40:47     33.5    23550607      268     5.1%    277.4     0.2%     0.8%    30.1%     0.0%    56.0%     8.0%
Dec 15 22:41:47     33.5    24092850      268     5.1%    277.4     0.2%     0.8%    29.7%     0.0%    56.5%     8.0%
Dec 15 22:42:53     33.4    24637216      268     5.0%    277.4     0.2%     0.8%    29.2%     0.0%    57.0%     8.0%
Dec 15 22:43:56     33.2    25090410      268     5.0%    277.4     0.2%     0.8%    28.9%     0.0%    57.3%     8.0%
Dec 15 22:45:05     33.1    25634051      269     4.9%    277.4     0.2%     0.8%    28.5%     0.0%    57.8%     8.0%
Dec 15 22:46:10     33.0    26132000      269     4.9%    277.4     0.2%     0.8%    28.2%     0.0%    58.1%     8.0%
Dec 15 22:47:12     32.8    26584244      269     4.8%    277.4     0.2%     0.8%    27.9%     0.0%    58.5%     8.0%
Dec 15 22:48:18     32.7    27081194      269     4.8%    277.4     0.2%     0.8%    27.7%     0.0%    58.8%     8.0%
Dec 15 22:49:25     32.6    27625016      269     4.8%    277.4     0.2%     0.8%    27.3%     0.0%    59.2%     7.9%
Dec 15 22:50:26     32.4    28033249      269     4.8%    277.4     0.2%     0.8%    27.1%     0.0%    59.6%     7.9%
Dec 15 22:51:26     32.3    28440846      269     4.8%    277.4     0.2%     0.7%    26.8%     0.0%    59.9%     7.8%
Dec 15 22:52:33     32.2    28938539      269     4.8%    277.4     0.2%     0.7%    26.5%     0.0%    60.2%     7.7%
Dec 15 22:53:43     32.0    29390646      269     4.8%    277.4     0.2%     0.7%    26.3%     0.0%    60.5%     7.7%
Dec 15 22:54:45     31.9    29842835      269     4.7%    277.4     0.2%     0.7%    26.0%     0.0%    60.9%     7.6%
Dec 15 22:55:57     31.7    30339957      269     4.7%    277.4     0.2%     0.7%    25.8%     0.0%    61.2%     7.5%
Dec 15 22:57:03     31.7    30925597      269     4.7%    277.4     0.2%     0.7%    25.5%     0.0%    61.6%     7.5%
Dec 15 22:58:11     31.5    31334720      269     4.7%    277.4     0.2%     0.7%    25.3%     0.0%    61.8%     7.4%
Dec 15 22:59:18     31.3    31697795      269     4.7%    277.4     0.2%     0.7%    25.1%     0.0%    62.0%     7.4%
Dec 15 23:00:49     31.2    32377371      269     4.7%    277.4     0.2%     0.7%    24.8%     0.0%    62.4%     7.3%
Dec 15 23:01:50     31.2    32920299      269     4.7%    277.4     0.2%     0.7%    24.6%     0.0%    62.8%     7.3%
Dec 15 23:02:53     31.1    33327587      269     4.7%    277.4     0.2%     0.7%    24.4%     0.0%    63.0%     7.2%
Dec 15 23:04:00     31.0    33824973      269     4.7%    277.4     0.2%     0.7%    24.2%     0.0%    63.2%     7.2%
Dec 15 23:05:03     31.0    34321840      269     4.7%    277.4     0.2%     0.7%    24.0%     0.0%    63.5%     7.1%
Dec 15 23:06:08     30.8    34684559      269     4.7%    277.4     0.2%     0.7%    23.8%     0.0%    63.7%     7.1%
Dec 15 23:07:13     30.8    35184061      269     4.7%    277.4     0.2%     0.7%    23.6%     0.0%    63.9%     7.1%
Dec 15 23:08:14     30.6    35502283      269     4.7%    277.4     0.2%     0.7%    23.5%     0.0%    64.1%     7.0%
Dec 15 23:09:21     30.6    36047266      269     4.7%    277.4     0.2%     0.7%    23.3%     0.0%    64.3%     7.0%
Dec 15 23:10:21     30.6    36546080      269     4.6%    277.4     0.2%     0.7%    23.1%     0.0%    64.6%     7.0%
Dec 15 23:11:25     30.4    36863199      269     4.6%    277.4     0.2%     0.7%    23.0%     0.0%    64.7%     6.9%
Dec 15 23:12:36     30.3    37406176      269     4.6%    277.4     0.2%     0.7%    22.8%     0.0%    64.9%     6.9%
Dec 15 23:13:39     30.2    37814687      269     4.6%    277.4     0.2%     0.7%    22.6%     0.0%    65.1%     6.9%
Dec 15 23:14:59     30.1    38360202      269     4.6%    277.4     0.2%     0.7%    22.4%     0.0%    65.3%     6.9%
Dec 15 23:16:05     30.2    39041383      269     4.6%    277.3     0.2%     0.7%    22.2%     0.0%    65.6%     6.9%
Dec 15 23:17:05     30.2    39449749      269     4.6%    277.3     0.2%     0.7%    22.1%     0.0%    65.8%     6.9%
Dec 15 23:18:19     30.0    39857607      269     4.6%    277.3     0.2%     0.7%    21.9%     0.0%    65.9%     6.8%
Dec 15 23:19:36     30.0    40491754      269     4.6%    277.3     0.2%     0.7%    21.7%     0.0%    66.2%     6.8%
Dec 15 23:20:36     29.9    40909519      269     4.6%    277.3     0.2%     0.7%    21.6%     0.0%    66.4%     6.8%
Dec 15 23:21:46     29.8    41372464      269     4.6%    277.3     0.2%     0.7%    21.4%     0.0%    66.6%     6.7%
Dec 15 23:22:58     29.9    42019182      269     4.6%    277.3     0.2%     0.7%    21.2%     0.0%    66.9%     6.7%
Dec 15 23:24:03     29.8    42388310      269     4.6%    277.2     0.2%     0.7%    21.1%     0.0%    67.0%     6.6%
Dec 15 23:25:03     29.7    42849193      269     4.6%    277.2     0.2%     0.7%    20.9%     0.0%    67.2%     6.6%
Dec 15 23:26:09     29.7    43401962      269     4.6%    277.2     0.2%     0.7%    20.7%     0.0%    67.4%     6.5%
Dec 15 23:27:10     29.6    43632517      269     4.6%    277.2     0.2%     0.7%    20.7%     0.0%    67.5%     6.5%
Dec 15 23:28:16     29.6    44231600      268     4.6%    277.2     0.2%     0.7%    20.5%     0.0%    67.8%     6.5%
Dec 15 23:29:22     29.6    44737799      268     4.6%    277.2     0.2%     0.7%    20.3%     0.0%    68.0%     6.4%
Dec 15 23:30:22     29.5    45104944      268     4.6%    277.2     0.2%     0.7%    20.2%     0.0%    68.1%     6.4%
Dec 15 23:31:37     29.4    45658859      268     4.6%    277.2     0.2%     0.7%    20.1%     0.0%    68.3%     6.4%
Dec 15 23:32:38     29.5    46215125      268     4.6%    277.1     0.2%     0.7%    19.9%     0.0%    68.5%     6.3%
Dec 15 23:33:50     29.4    46631235      268     4.6%    277.1     0.2%     0.7%    19.8%     0.0%    68.7%     6.3%
Dec 15 23:34:58     29.3    47139360      268     4.6%    277.1     0.2%     0.7%    19.6%     0.0%    68.8%     6.2%
Dec 15 23:35:58     29.4    47646952      268     4.6%    277.1     0.2%     0.7%    19.5%     0.0%    69.0%     6.2%
Dec 15 23:37:05     29.3    48061957      268     4.6%    277.1     0.2%     0.7%    19.4%     0.0%    69.1%     6.2%
Dec 15 23:38:11     29.3    48615419      268     4.6%    277.1     0.2%     0.7%    19.3%     0.0%    69.3%     6.1%
Dec 15 23:39:13     29.3    49076379      268     4.6%    277.1     0.2%     0.7%    19.1%     0.0%    69.5%     6.1%
Dec 15 23:40:26     29.2    49490978      268     4.6%    277.1     0.2%     0.7%    19.0%     0.0%    69.6%     6.1%
Dec 15 23:41:34     29.1    49904147      268     4.6%    277.1     0.2%     0.7%    18.9%     0.0%    69.7%     6.0%
Dec 15 23:42:38     29.1    50506498      268     4.6%    277.0     0.2%     0.7%    18.8%     0.0%    69.9%     6.0%
Dec 15 23:43:43     29.1    50925066      268     4.6%    277.0     0.2%     0.7%    18.7%     0.0%    70.0%     6.0%
Dec 15 23:44:48     29.0    51389407      268     4.6%    277.0     0.2%     0.7%    18.6%     0.0%    70.2%     6.0%
Dec 15 23:45:53     29.0    51899745      268     4.6%    277.0     0.2%     0.7%    18.5%     0.0%    70.3%     5.9%
Dec 15 23:47:04     29.0    52362554      268     4.6%    277.0     0.2%     0.7%    18.4%     0.0%    70.5%     5.9%
Dec 15 23:48:06     29.0    52871407      268     4.6%    277.0     0.2%     0.7%    18.3%     0.0%    70.6%     5.9%
Dec 15 23:49:15     28.9    53333558      268     4.6%    277.0     0.2%     0.7%    18.2%     0.0%    70.7%     5.9%
Dec 15 23:50:26     28.9    53840617      268     4.6%    276.9     0.2%     0.7%    18.1%     0.0%    70.9%     5.8%
Dec 15 23:51:26     28.9    54350545      268     4.6%    276.9     0.2%     0.7%    17.9%     0.0%    71.0%     5.8%
Dec 15 23:52:26     28.9    54815107      267     4.6%    276.9     0.2%     0.7%    17.8%     0.0%    71.1%     5.8%
Dec 15 23:53:34     28.8    55186476      267     4.6%    276.9     0.2%     0.7%    17.7%     0.0%    71.2%     5.8%
Dec 15 23:54:37     28.8    55789495      267     4.6%    276.9     0.2%     0.7%    17.6%     0.0%    71.4%     5.8%
Dec 15 23:55:41     28.8    56114016      267     4.6%    276.9     0.2%     0.7%    17.6%     0.0%    71.4%     5.8%
Dec 15 23:56:42     28.8    56623552      267     4.6%    276.8     0.2%     0.7%    17.5%     0.0%    71.6%     5.8%
Dec 15 23:57:44     28.7    56947305      267     4.6%    276.8     0.2%     0.7%    17.4%     0.0%    71.6%     5.7%
Dec 15 23:58:46     28.7    57455654      267     4.6%    276.8     0.2%     0.7%    17.3%     0.0%    71.8%     5.7%
Dec 15 23:59:50     28.7    58057844      267     4.6%    276.8     0.2%     0.7%    17.2%     0.0%    71.9%     5.7%
Dec 16 00:00:58     28.6    58339257      267     4.5%    276.8     0.2%     0.7%    17.1%     0.0%    72.0%     5.7%
Dec 16 00:02:17     28.6    59041300      267     4.5%    276.8     0.2%     0.7%    17.0%     0.0%    72.1%     5.7%
Dec 16 00:03:18     28.7    59694616      267     4.5%    276.8     0.2%     0.6%    16.9%     0.0%    72.2%     5.8%
Dec 16 00:04:24     28.7    60207515      267     4.4%    276.8     0.2%     0.6%    16.8%     0.0%    72.4%     5.8%
Dec 16 00:05:27     28.7    60580078      267     4.4%    276.8     0.2%     0.6%    16.7%     0.0%    72.4%     5.8%
Dec 16 00:06:34     28.7    61185224      267     4.4%    276.8     0.2%     0.6%    16.6%     0.0%    72.6%     5.8%
Dec 16 00:07:34     28.7    61744104      267     4.4%    276.8     0.2%     0.6%    16.5%     0.0%    72.7%     5.8%
Dec 16 00:08:34     28.7    62116297      267     4.3%    276.7     0.2%     0.6%    16.5%     0.0%    72.8%     5.8%
Dec 16 00:09:51     28.6    62673910      267     4.3%    276.7     0.2%     0.6%    16.4%     0.0%    72.9%     5.8%
Dec 16 00:11:10     28.7    63367416      267     4.3%    276.7     0.2%     0.6%    16.2%     0.0%    73.0%     5.8%
Dec 16 00:12:10     28.7    63977920      267     4.3%    276.7     0.2%     0.6%    16.1%     0.0%    73.1%     5.9%
Dec 16 00:13:19     28.7    64399505      266     4.2%    276.7     0.2%     0.6%    16.1%     0.0%    73.2%     5.9%
Dec 16 00:14:24     28.7    64960255      266     4.2%    276.7     0.2%     0.6%    16.0%     0.0%    73.3%     5.9%
Dec 16 00:15:38     28.7    65613809      266     4.2%    276.7     0.2%     0.6%    15.9%     0.0%    73.4%     5.9%
Dec 16 00:16:38     28.7    66080012      266     4.2%    276.7     0.2%     0.6%    15.8%     0.0%    73.5%     5.9%
Dec 16 00:17:38     28.7    66545919      266     4.1%    276.7     0.2%     0.6%    15.7%     0.0%    73.6%     5.9%
Dec 16 00:18:46     28.7    67058395      266     4.1%    276.7     0.2%     0.6%    15.7%     0.0%    73.7%     5.9%
Dec 16 00:19:47     28.8    67663566      266     4.1%    276.7     0.2%     0.6%    15.6%     0.0%    73.8%     5.9%
Dec 16 00:20:52     28.7    68082350      266     4.1%    276.7     0.2%     0.6%    15.5%     0.0%    73.8%     6.0%
Dec 16 00:22:01     28.7    68591033      266     4.1%    276.7     0.2%     0.6%    15.5%     0.0%    73.9%     6.0%
Dec 16 00:23:05     28.7    69154257      266     4.0%    276.7     0.2%     0.6%    15.4%     0.0%    74.0%     6.0%
Dec 16 00:24:05     28.7    69718386      266     4.0%    276.7     0.2%     0.6%    15.3%     0.0%    74.1%     6.0%
Dec 16 00:25:05     28.7    70141119      266     4.0%    276.6     0.2%     0.6%    15.2%     0.0%    74.2%     6.0%
Dec 16 00:26:11     28.7    70704385      266     4.0%    276.6     0.2%     0.6%    15.2%     0.0%    74.3%     6.0%
Dec 16 00:27:14     28.7    71172196      266     4.0%    276.6     0.2%     0.6%    15.1%     0.0%    74.3%     6.0%
Dec 16 00:28:22     28.7    71733380      266     3.9%    276.6     0.2%     0.6%    15.0%     0.0%    74.4%     6.0%
Dec 16 00:29:24     28.8    72293638      266     3.9%    276.6     0.2%     0.6%    15.0%     0.0%    74.5%     6.1%
Dec 16 00:30:25     28.8    72760142      266     3.9%    276.6     0.2%     0.6%    14.9%     0.0%    74.6%     6.1%
Dec 16 00:31:25     28.8    73270925      266     3.9%    276.6     0.2%     0.6%    14.8%     0.0%    74.6%     6.1%
Dec 16 00:32:29     28.7    73741653      266     3.9%    276.6     0.2%     0.6%    14.8%     0.0%    74.7%     6.1%
Dec 16 00:33:29     28.8    74305213      266     3.8%    276.6     0.2%     0.6%    14.7%     0.0%    74.8%     6.1%
Dec 16 00:34:31     28.8    74774494      266     3.8%    276.6     0.2%     0.6%    14.6%     0.0%    74.8%     6.1%
Dec 16 00:35:32     28.8    75290545      265     3.8%    276.6     0.2%     0.6%    14.6%     0.0%    74.9%     6.2%
Dec 16 00:36:47     28.8    75899549      265     3.8%    276.6     0.2%     0.6%    14.5%     0.0%    75.0%     6.2%
Dec 16 00:37:53     28.8    76460658      265     3.8%    276.5     0.2%     0.6%    14.4%     0.0%    75.1%     6.2%
Dec 16 00:38:57     28.8    76880749      265     3.8%    276.5     0.2%     0.6%    14.4%     0.0%    75.1%     6.2%
Dec 16 00:40:01     28.8    77392892      265     3.7%    276.5     0.2%     0.6%    14.3%     0.0%    75.2%     6.2%
Dec 16 00:41:02     28.8    77953062      265     3.8%    276.5     0.2%     0.6%    14.4%     0.0%    75.1%     6.2%
Dec 16 00:42:03     28.8    78562781      265     3.8%    276.5     0.2%     0.6%    14.5%     0.0%    74.8%     6.3%
Dec 16 00:43:03     28.8    79077057      265     3.8%    276.5     0.2%     0.6%    14.7%     0.0%    74.6%     6.3%
Dec 16 00:44:05     28.9    79684035      265     3.8%    276.5     0.2%     0.6%    14.8%     0.0%    74.4%     6.4%
Dec 16 00:45:08     28.9    80151133      265     3.9%    276.5     0.2%     0.6%    14.9%     0.0%    74.3%     6.4%
Dec 16 00:46:11     28.9    80804361      265     3.9%    276.4     0.2%     0.6%    15.0%     0.0%    74.0%     6.5%
Dec 16 00:47:12     29.0    81410112      265     3.9%    276.4     0.2%     0.6%    15.2%     0.0%    73.8%     6.5%
Dec 16 00:48:12     28.9    81832201      265     3.9%    276.4     0.2%     0.6%    15.3%     0.0%    73.7%     6.5%
Dec 16 00:49:12     29.0    82348206      265     3.9%    276.4     0.2%     0.6%    15.4%     0.0%    73.5%     6.6%
Dec 16 00:50:25     29.0    82956534      265     4.0%    276.4     0.2%     0.6%    15.5%     0.0%    73.3%     6.6%
Dec 16 00:51:29     29.0    83517479      265     4.0%    276.4     0.2%     0.6%    15.6%     0.0%    73.1%     6.7%
Dec 16 00:52:46     29.0    84124933      265     4.0%    276.4     0.2%     0.6%    15.8%     0.0%    72.9%     6.7%
Dec 16 00:53:53     29.0    84638471      265     4.0%    276.3     0.2%     0.6%    15.9%     0.0%    72.8%     6.7%
Dec 16 00:54:53     29.0    85245550      265     4.1%    276.3     0.2%     0.6%    16.0%     0.0%    72.6%     6.8%
Dec 16 00:55:57     29.0    85717059      265     4.1%    276.3     0.2%     0.6%    16.1%     0.0%    72.4%     6.8%
Dec 16 00:57:05     29.0    86328942      265     4.1%    276.3     0.2%     0.6%    16.2%     0.0%    72.2%     6.9%
Dec 16 00:58:10     29.0    86892011      265     4.1%    276.3     0.2%     0.6%    16.3%     0.0%    72.1%     6.9%
Dec 16 00:59:10     29.0    87407693      265     4.1%    276.2     0.2%     0.6%    16.4%     0.0%    71.9%     7.0%
Dec 16 01:00:24     29.1    88063823      265     4.2%    276.2     0.2%     0.6%    16.5%     0.0%    71.7%     7.0%
Dec 16 01:01:31     29.1    88720575      264     4.2%    276.2     0.2%     0.6%    16.5%     0.0%    71.5%     7.1%
Dec 16 01:02:36     29.1    89332015      264     4.2%    276.2     0.2%     0.6%    16.6%     0.0%    71.4%     7.2%
Dec 16 01:03:38     29.2    89942985      264     4.2%    276.2     0.2%     0.6%    16.7%     0.0%    71.2%     7.3%
Dec 16 01:04:41     29.2    90459261      264     4.2%    276.1     0.2%     0.6%    16.8%     0.0%    71.0%     7.3%
Dec 16 01:05:50     29.2    91112455      264     4.3%    276.1     0.2%     0.6%    16.9%     0.0%    70.9%     7.4%
Dec 16 01:06:59     29.2    91566304      264     4.2%    276.1     0.2%     0.6%    16.8%     0.0%    70.9%     7.4%
Dec 16 01:08:08     29.1    91926264      264     4.2%    276.1     0.2%     0.6%    16.8%     0.0%    71.0%     7.4%
Dec 16 01:09:10     29.1    92510718      264     4.2%    276.1     0.2%     0.6%    16.7%     0.0%    71.2%     7.3%
Dec 16 01:10:15     29.1    92869965      264     4.2%    276.1     0.2%     0.6%    16.6%     0.0%    71.3%     7.3%
Dec 16 01:11:24     29.0    93318784      264     4.2%    276.1     0.2%     0.6%    16.5%     0.0%    71.4%     7.3%
Dec 16 01:12:27     29.0    93812255      265     4.2%    276.1     0.2%     0.6%    16.4%     0.0%    71.5%     7.2%
Dec 16 01:13:32     29.0    94215678      265     4.1%    276.1     0.2%     0.6%    16.4%     0.0%    71.7%     7.2%
Dec 16 01:14:54     29.0    94753821      265     4.1%    276.1     0.2%     0.6%    16.3%     0.0%    71.8%     7.2%
Dec 16 01:16:00     29.0    95291959      265     4.1%    276.1     0.2%     0.6%    16.2%     0.0%    71.9%     7.2%
Dec 16 01:17:02     28.9    95605871      265     4.1%    276.1     0.2%     0.6%    16.2%     0.0%    72.0%     7.1%
Dec 16 01:18:27     28.9    96188403      265     4.1%    276.1     0.2%     0.6%    16.1%     0.0%    72.2%     7.1%
Dec 16 01:19:33     28.9    96725354      265     4.0%    276.1     0.2%     0.6%    16.0%     0.0%    72.3%     7.1%
Dec 16 01:20:37     28.8    97084171      265     4.0%    276.1     0.2%     0.6%    15.9%     0.0%    72.4%     7.1%
Dec 16 01:21:37     28.8    97579748      265     4.0%    276.1     0.2%     0.6%    15.8%     0.0%    72.5%     7.0%
Dec 16 01:22:43     28.8    97939601      265     4.0%    276.1     0.2%     0.6%    15.8%     0.0%    72.6%     7.0%
Dec 16 01:23:46     28.8    98389011      265     4.0%    276.1     0.2%     0.6%    15.7%     0.0%    72.7%     7.0%
Dec 16 01:24:51     28.8    98883129      265     4.0%    276.1     0.2%     0.6%    15.7%     0.0%    72.8%     7.0%
Dec 16 01:25:51     28.7    99197279      265     4.0%    276.1     0.2%     0.6%    15.6%     0.0%    72.9%     7.0%
Dec 16 01:26:53     28.7    99646014      265     3.9%    276.1     0.2%     0.6%    15.5%     0.0%    73.0%     6.9%
Dec 16 01:28:01     28.7   100094280      265     3.9%    276.1     0.2%     0.6%    15.5%     0.0%    73.1%     6.9%
Dec 16 01:29:03     28.7   100586278      265     3.9%    276.1     0.2%     0.6%    15.4%     0.0%    73.2%     6.9%
Dec 16 01:30:18     28.6   101033404      265     3.9%    276.1     0.2%     0.6%    15.3%     0.0%    73.3%     6.9%
Dec 16 01:31:33     28.6   101525168      265     3.9%    276.1     0.2%     0.6%    15.3%     0.0%    73.4%     6.8%
Dec 16 01:32:50     28.6   102016715      265     3.9%    276.1     0.2%     0.6%    15.2%     0.0%    73.6%     6.8%
Dec 16 01:33:54     28.6   102552568      265     3.8%    276.1     0.2%     0.6%    15.1%     0.0%    73.7%     6.8%
Dec 16 01:34:54     28.5   102911998      265     3.8%    276.1     0.2%     0.6%    15.1%     0.0%    73.8%     6.8%
Dec 16 01:35:54     28.5   103361311      265     3.8%    276.1     0.2%     0.6%    15.0%     0.0%    73.8%     6.8%
Dec 16 01:36:54     28.5   103765611      265     3.8%    276.1     0.2%     0.6%    15.0%     0.0%    73.9%     6.7%
Dec 16 01:37:55     28.5   104169903      265     3.8%    276.1     0.2%     0.6%    14.9%     0.0%    74.0%     6.7%
Dec 16 01:38:56     28.5   104618261      265     3.8%    276.1     0.2%     0.6%    14.9%     0.0%    74.1%     6.7%
Dec 16 01:39:59     28.5   105021443      265     3.8%    276.1     0.2%     0.6%    14.8%     0.0%    74.2%     6.7%
Dec 16 01:41:05     28.4   105469608      265     3.7%    276.1     0.2%     0.5%    14.7%     0.0%    74.3%     6.7%
Dec 16 01:42:09     28.4   105917423      265     3.7%    276.1     0.2%     0.5%    14.7%     0.0%    74.4%     6.6%
Dec 16 01:43:14     28.4   106365353      266     3.7%    276.1     0.2%     0.5%    14.6%     0.0%    74.5%     6.6%
Dec 16 01:44:15     28.4   106723298      266     3.7%    276.1     0.2%     0.5%    14.6%     0.0%    74.6%     6.6%
Dec 16 01:45:20     28.4   107216283      266     3.7%    276.1     0.2%     0.5%    14.5%     0.0%    74.7%     6.6%
Dec 16 01:46:23     28.3   107575834      266     3.7%    276.1     0.2%     0.5%    14.5%     0.0%    74.7%     6.6%
Dec 16 01:47:24     28.3   108114526      266     3.7%    276.1     0.2%     0.5%    14.4%     0.0%    74.8%     6.5%
Dec 16 01:48:27     28.3   108518429      266     3.7%    276.1     0.2%     0.5%    14.4%     0.0%    74.9%     6.5%
Dec 16 01:49:41     28.3   108922378      266     3.6%    276.1     0.2%     0.5%    14.3%     0.0%    75.0%     6.5%
Dec 16 01:50:44     28.3   109460642      266     3.6%    276.1     0.2%     0.5%    14.2%     0.0%    75.1%     6.5%
Dec 16 01:51:50     28.3   109908889      266     3.6%    276.1     0.2%     0.5%    14.2%     0.0%    75.2%     6.5%
Dec 16 01:53:01     28.2   110312182      266     3.6%    276.1     0.2%     0.5%    14.1%     0.0%    75.3%     6.5%
Dec 16 01:54:02     28.2   110804830      266     3.6%    276.1     0.2%     0.5%    14.1%     0.0%    75.4%     6.4%
Dec 16 01:55:02     28.2   111162646      266     3.6%    276.1     0.2%     0.5%    14.0%     0.0%    75.4%     6.4%
Dec 16 01:56:18     28.2   111704384      266     3.6%    276.2     0.2%     0.5%    14.0%     0.0%    75.5%     6.4%
Dec 16 01:57:26     28.2   112204633      266     3.6%    276.2     0.2%     0.5%    14.0%     0.0%    75.5%     6.4%
Dec 16 01:58:32     28.2   112658475      266     3.6%    276.2     0.2%     0.5%    13.9%     0.0%    75.6%     6.4%
Dec 16 01:59:34     28.2   113157241      266     3.6%    276.2     0.2%     0.5%    13.9%     0.0%    75.6%     6.4%
Dec 16 02:00:35     28.2   113564871      266     3.6%    276.2     0.2%     0.5%    13.9%     0.0%    75.6%     6.4%
Dec 16 02:01:38     28.2   114063253      266     3.6%    276.2     0.2%     0.5%    13.8%     0.0%    75.6%     6.3%
Dec 16 02:02:39     28.2   114515974      266     3.6%    276.2     0.2%     0.5%    13.8%     0.0%    75.7%     6.3%
Dec 16 02:03:40     28.1   114877562      266     3.6%    276.2     0.2%     0.5%    13.8%     0.0%    75.7%     6.3%
Dec 16 02:05:00     28.1   115467279      266     3.7%    276.2     0.2%     0.5%    13.8%     0.0%    75.7%     6.3%
Dec 16 02:06:03     28.1   115922297      266     3.7%    276.2     0.2%     0.5%    13.7%     0.0%    75.8%     6.3%
Dec 16 02:07:08     28.1   116376372      266     3.7%    276.2     0.2%     0.5%    13.7%     0.0%    75.8%     6.3%
Dec 16 02:08:09     28.1   116875515      266     3.7%    276.2     0.2%     0.5%    13.7%     0.0%    75.8%     6.3%
Dec 16 02:09:09     28.1   117328705      266     3.7%    276.2     0.2%     0.5%    13.6%     0.0%    75.9%     6.3%
Dec 16 02:10:12     28.1   117736623      266     3.7%    276.3     0.2%     0.5%    13.6%     0.0%    75.9%     6.3%
Dec 16 02:11:21     28.1   118280136      266     3.7%    276.3     0.2%     0.5%    13.6%     0.0%    75.9%     6.2%
Dec 16 02:12:27     28.1   118778060      266     3.7%    276.3     0.2%     0.5%    13.6%     0.0%    75.9%     6.2%
Dec 16 02:13:31     28.1   119233401      266     3.7%    276.3     0.2%     0.5%    13.5%     0.0%    76.0%     6.2%
Dec 16 02:14:39     28.1   119735060      266     3.7%    276.3     0.2%     0.5%    13.5%     0.0%    76.0%     6.2%
Dec 16 02:15:42     28.1   120235727      266     3.8%    276.3     0.2%     0.5%    13.5%     0.0%    76.0%     6.2%
Dec 16 02:16:51     28.0   120644727      266     3.8%    276.3     0.2%     0.5%    13.5%     0.0%    76.1%     6.2%
Dec 16 02:18:00     28.0   121235059      266     3.8%    276.3     0.2%     0.5%    13.4%     0.0%    76.1%     6.2%
Dec 16 02:19:09     28.0   121733552      266     3.8%    276.3     0.2%     0.5%    13.4%     0.0%    76.1%     6.2%
Dec 16 02:20:13     28.0   122189647      266     3.8%    276.3     0.2%     0.5%    13.4%     0.0%    76.1%     6.2%
Dec 16 02:21:20     28.0   122736244      266     3.8%    276.3     0.2%     0.5%    13.3%     0.0%    76.2%     6.2%
Dec 16 02:22:23     28.0   123191559      266     3.8%    276.3     0.2%     0.5%    13.3%     0.0%    76.2%     6.2%
Dec 16 02:23:26     28.0   123510020      266     3.8%    276.3     0.2%     0.5%    13.3%     0.0%    76.2%     6.2%
Dec 16 02:24:26     28.0   124100652      266     3.8%    276.3     0.2%     0.5%    13.2%     0.0%    76.2%     6.2%
Dec 16 02:25:51     28.0   124504514      266     3.8%    276.3     0.2%     0.5%    13.2%     0.0%    76.3%     6.2%
Dec 16 02:32:35     27.3   124504514      266     3.8%    276.3     0.2%     0.5%    13.2%     0.0%    76.3%     6.2%
ALL DONE!
