           Time    Speed        Read     Read   Mapped   Mapped   Mapped   Mapped Unmapped Unmapped Unmapped Unmapped
                    M/hr      number   length   unique   length   MMrate    multi   multi+       MM    short    other
Dec 19 00:07:10     18.8      323333      266     8.0%    277.5     0.2%     1.7%    47.6%     0.0%    35.5%     7.3%
Dec 19 00:08:11     28.4      968887      266     8.0%    277.6     0.2%     1.7%    47.5%     0.0%    35.5%     7.3%
Dec 19 00:09:18     31.4     1656935      266     8.1%    277.7     0.2%     1.7%    47.3%     0.0%    35.7%     7.3%
Dec 19 00:10:20     33.5     2344281      267     8.1%    277.8     0.2%     1.6%    47.1%     0.0%    35.8%     7.2%
Dec 19 00:11:21     35.9     3122384      267     8.1%    277.8     0.2%     1.7%    46.9%     0.0%    36.0%     7.3%
Dec 19 00:12:21     37.2     3856300      267     8.1%    277.8     0.2%     1.7%    46.9%     0.0%    35.9%     7.4%
Dec 19 00:13:23     35.3     4269901      267     8.1%    277.8     0.2%     1.7%    46.9%     0.0%    35.9%     7.4%
Dec 19 00:14:30     35.9     5004357      267     8.1%    277.8     0.2%     1.7%    47.0%     0.0%    35.9%     7.4%
Dec 19 00:15:37     36.3     5737769      267     8.1%    277.8     0.2%     1.7%    46.9%     0.0%    35.9%     7.4%
Dec 19 00:16:39     36.7     6424611      267     8.1%    277.8     0.2%     1.7%    46.9%     0.0%    36.0%     7.4%
Dec 19 00:17:40     37.2     7159359      267     8.1%    277.7     0.2%     1.7%    46.7%     0.0%    36.0%     7.6%
Dec 19 00:18:41     37.5     7850480      267     8.1%    277.7     0.2%     1.7%    46.7%     0.0%    35.9%     7.7%
Dec 19 00:19:41     37.2     8402400      267     8.1%    277.7     0.2%     1.7%    46.6%     0.0%    35.9%     7.8%
Dec 19 00:20:41     37.1     8999448      266     8.0%    277.7     0.2%     1.7%    46.5%     0.0%    35.9%     7.9%
Dec 19 00:21:46     37.2     9688197      266     8.0%    277.6     0.2%     1.6%    46.2%     0.0%    35.9%     8.2%
Dec 19 00:22:51     37.1    10332183      266     8.0%    277.6     0.2%     1.6%    45.7%     0.0%    35.9%     8.8%
Dec 19 00:23:51     37.2    10974776      266     8.0%    277.5     0.2%     1.6%    45.4%     0.0%    35.8%     9.2%
Dec 19 00:25:00     37.1    11662194      266     8.0%    277.5     0.2%     1.6%    45.4%     0.0%    35.9%     9.1%
Dec 19 00:26:11     36.7    12254705      266     7.9%    277.5     0.2%     1.6%    45.1%     0.0%    36.2%     9.2%
Dec 19 00:27:18     36.5    12888738      267     7.7%    277.5     0.2%     1.6%    43.6%     0.0%    38.2%     9.0%
Dec 19 00:28:21     36.0    13340752      267     7.5%    277.5     0.2%     1.5%    42.5%     0.0%    39.6%     8.8%
Dec 19 00:29:32     35.4    13792433      267     7.4%    277.5     0.2%     1.5%    41.6%     0.0%    40.8%     8.7%
Dec 19 00:30:33     35.3    14378836      267     7.2%    277.5     0.2%     1.5%    40.4%     0.0%    42.4%     8.5%
Dec 19 00:31:38     34.9    14829954      267     7.1%    277.5     0.2%     1.4%    39.6%     0.0%    43.5%     8.4%
Dec 19 00:32:47     34.6    15371303      267     6.9%    277.5     0.2%     1.4%    38.6%     0.0%    44.7%     8.3%
Dec 19 00:33:48     34.2    15777067      267     6.8%    277.5     0.2%     1.4%    38.0%     0.0%    45.6%     8.2%
Dec 19 00:35:04     33.9    16362166      268     6.7%    277.5     0.2%     1.4%    37.1%     0.0%    46.8%     8.1%
Dec 19 00:36:09     33.8    16905432      268     6.6%    277.5     0.2%     1.3%    36.3%     0.0%    47.8%     8.0%
Dec 19 00:37:13     33.6    17403099      268     6.5%    277.5     0.2%     1.3%    35.7%     0.0%    48.6%     7.9%
Dec 19 00:38:27     33.3    17945360      268     6.4%    277.5     0.2%     1.3%    35.0%     0.0%    49.5%     7.8%
Dec 19 00:39:28     33.3    18487217      268     6.3%    277.5     0.2%     1.3%    34.4%     0.0%    50.4%     7.7%
Dec 19 00:40:29     33.0    18893333      268     6.2%    277.5     0.2%     1.3%    33.9%     0.0%    51.0%     7.6%
Dec 19 00:41:30     32.7    19299603      268     6.1%    277.5     0.2%     1.2%    33.5%     0.0%    51.6%     7.6%
Dec 19 00:42:32     32.6    19750938      268     6.1%    277.5     0.2%     1.2%    33.0%     0.0%    52.2%     7.5%
Dec 19 00:43:36     32.5    20292087      268     6.0%    277.6     0.2%     1.2%    32.5%     0.0%    52.9%     7.4%
Dec 19 00:44:36     32.5    20833987      268     5.9%    277.6     0.2%     1.2%    31.9%     0.0%    53.6%     7.4%
Dec 19 00:45:41     32.3    21287627      268     5.8%    277.6     0.2%     1.2%    31.5%     0.0%    54.1%     7.4%
Dec 19 00:46:44     32.2    21786519      268     5.8%    277.5     0.2%     1.2%    31.1%     0.0%    54.6%     7.3%
Dec 19 00:47:59     32.0    22329739      268     5.7%    277.5     0.2%     1.2%    30.7%     0.0%    55.2%     7.3%
Dec 19 00:49:04     32.0    22872538      268     5.6%    277.5     0.2%     1.1%    30.2%     0.0%    55.7%     7.2%
Dec 19 00:50:07     31.8    23324621      268     5.6%    277.5     0.2%     1.1%    29.9%     0.0%    56.2%     7.2%
Dec 19 00:51:08     31.8    23866338      268     5.5%    277.5     0.2%     1.1%    29.5%     0.0%    56.7%     7.2%
Dec 19 00:52:09     31.6    24228972      268     5.5%    277.5     0.2%     1.1%    29.2%     0.0%    57.0%     7.2%
Dec 19 00:53:11     31.6    24818470      268     5.4%    277.5     0.2%     1.1%    28.8%     0.0%    57.5%     7.2%
Dec 19 00:54:12     31.5    25226431      268     5.4%    277.5     0.2%     1.1%    28.5%     0.0%    57.8%     7.2%
Dec 19 00:55:14     31.4    25724671      269     5.3%    277.5     0.2%     1.1%    28.2%     0.0%    58.2%     7.2%
Dec 19 00:56:17     31.4    26222491      269     5.3%    277.5     0.2%     1.1%    27.9%     0.0%    58.6%     7.1%
Dec 19 00:57:20     31.3    26674723      269     5.3%    277.5     0.2%     1.1%    27.6%     0.0%    58.9%     7.1%
Dec 19 00:58:20     31.1    27081202      269     5.2%    277.5     0.2%     1.1%    27.4%     0.0%    59.2%     7.1%
Dec 19 00:59:24     31.0    27534123      269     5.2%    277.5     0.2%     1.1%    27.1%     0.0%    59.6%     7.1%
Dec 19 01:00:25     30.7    27806291      269     5.2%    277.5     0.2%     1.1%    27.0%     0.0%    59.8%     7.0%
Dec 19 01:01:28     30.7    28304801      269     5.2%    277.5     0.2%     1.0%    26.7%     0.0%    60.2%     7.0%
Dec 19 01:02:31     30.7    28802869      269     5.2%    277.5     0.2%     1.0%    26.4%     0.0%    60.5%     6.9%
Dec 19 01:03:33     30.4    29074200      269     5.2%    277.5     0.2%     1.0%    26.2%     0.0%    60.7%     6.9%
Dec 19 01:05:03     30.2    29616733      269     5.1%    277.5     0.2%     1.0%    25.9%     0.0%    61.1%     6.8%
Dec 19 01:06:09     30.3    30294741      269     5.1%    277.5     0.2%     1.0%    25.6%     0.0%    61.6%     6.7%
Dec 19 01:07:15     30.3    30835561      269     5.1%    277.5     0.2%     1.0%    25.3%     0.0%    61.9%     6.7%
Dec 19 01:08:19     29.9    31017005      269     5.1%    277.5     0.2%     1.0%    25.2%     0.0%    62.0%     6.7%
Dec 19 01:09:33     29.9    31607008      269     5.1%    277.5     0.2%     1.0%    24.9%     0.0%    62.4%     6.6%
Dec 19 01:10:39     29.8    32060263      269     5.1%    277.5     0.2%     1.0%    24.7%     0.0%    62.6%     6.6%
Dec 19 01:11:43     29.7    32467941      269     5.1%    277.5     0.2%     1.0%    24.5%     0.0%    62.9%     6.5%
Dec 19 01:12:43     29.7    32965581      269     5.1%    277.5     0.2%     1.0%    24.3%     0.0%    63.2%     6.5%
Dec 19 01:13:44     29.7    33418099      269     5.1%    277.5     0.2%     1.0%    24.1%     0.0%    63.4%     6.4%
Dec 19 01:14:54     29.6    33870161      269     5.0%    277.5     0.2%     1.0%    23.9%     0.0%    63.7%     6.4%
Dec 19 01:15:55     29.4    34186373      269     5.0%    277.5     0.2%     1.0%    23.8%     0.0%    63.8%     6.4%
Dec 19 01:17:10     29.3    34684559      269     5.0%    277.5     0.2%     1.0%    23.6%     0.0%    64.1%     6.3%
Dec 19 01:18:11     29.2    35092988      269     5.0%    277.5     0.2%     1.0%    23.4%     0.0%    64.3%     6.3%
Dec 19 01:19:23     29.0    35456857      269     5.0%    277.5     0.2%     1.0%    23.3%     0.0%    64.4%     6.3%
Dec 19 01:20:33     29.1    36047148      269     5.0%    277.5     0.2%     1.0%    23.1%     0.0%    64.7%     6.2%
Dec 19 01:21:40     29.0    36455261      269     5.0%    277.5     0.2%     1.0%    22.9%     0.0%    64.9%     6.2%
Dec 19 01:22:41     28.9    36817758      269     5.0%    277.5     0.2%     1.0%    22.8%     0.0%    65.1%     6.2%
Dec 19 01:23:41     28.9    37315762      269     5.0%    277.5     0.2%     1.0%    22.6%     0.0%    65.3%     6.2%
Dec 19 01:24:49     28.8    37723601      269     5.0%    277.5     0.2%     1.0%    22.5%     0.0%    65.5%     6.2%
Dec 19 01:25:49     28.8    38223907      269     5.0%    277.4     0.2%     0.9%    22.3%     0.0%    65.7%     6.2%
Dec 19 01:26:52     28.6    38496390      269     5.0%    277.4     0.2%     0.9%    22.2%     0.0%    65.8%     6.1%
Dec 19 01:27:55     28.6    38995877      269     4.9%    277.4     0.2%     0.9%    22.0%     0.0%    66.0%     6.1%
Dec 19 01:28:56     28.6    39495074      269     4.9%    277.4     0.2%     0.9%    21.9%     0.0%    66.2%     6.1%
Dec 19 01:30:01     28.5    39902939      269     4.9%    277.4     0.2%     0.9%    21.7%     0.0%    66.3%     6.1%
Dec 19 01:31:11     28.5    40445227      269     4.9%    277.4     0.2%     0.9%    21.6%     0.0%    66.5%     6.1%
Dec 19 01:32:14     28.4    40770351      269     4.9%    277.4     0.2%     0.9%    21.4%     0.0%    66.7%     6.0%
Dec 19 01:33:21     28.4    41326210      269     4.9%    277.4     0.2%     0.9%    21.3%     0.0%    66.9%     6.0%
Dec 19 01:34:21     28.4    41742142      269     4.9%    277.4     0.2%     0.9%    21.1%     0.0%    67.1%     6.0%
Dec 19 01:35:25     28.3    42111489      269     4.9%    277.3     0.2%     0.9%    21.0%     0.0%    67.3%     5.9%
Dec 19 01:36:28     28.3    42664992      269     4.9%    277.3     0.2%     0.9%    20.8%     0.0%    67.5%     5.9%
Dec 19 01:37:30     28.2    42941292      269     4.9%    277.3     0.2%     0.9%    20.7%     0.0%    67.6%     5.9%
Dec 19 01:38:52     28.1    43494232      269     4.9%    277.3     0.2%     0.9%    20.5%     0.0%    67.8%     5.8%
Dec 19 01:39:53     28.2    44093322      269     4.9%    277.3     0.2%     0.9%    20.3%     0.0%    68.1%     5.8%
Dec 19 01:40:57     28.0    44323650      268     4.9%    277.3     0.2%     0.9%    20.3%     0.0%    68.2%     5.8%
Dec 19 01:42:13     28.0    44829524      268     4.9%    277.3     0.2%     0.9%    20.1%     0.0%    68.4%     5.7%
Dec 19 01:43:25     28.0    45426683      268     4.9%    277.3     0.2%     0.9%    19.9%     0.0%    68.6%     5.7%
Dec 19 01:44:29     27.9    45798129      268     4.9%    277.3     0.2%     0.9%    19.8%     0.0%    68.7%     5.7%
Dec 19 01:45:38     27.9    46215004      268     4.9%    277.2     0.2%     0.9%    19.7%     0.0%    68.9%     5.6%
Dec 19 01:46:47     27.9    46769840      268     4.9%    277.2     0.2%     0.9%    19.6%     0.0%    69.1%     5.6%
Dec 19 01:47:48     27.8    47139360      268     4.9%    277.2     0.2%     0.9%    19.5%     0.0%    69.2%     5.6%
Dec 19 01:48:54     27.8    47693030      268     4.9%    277.2     0.2%     0.9%    19.3%     0.0%    69.4%     5.5%
Dec 19 01:49:55     27.8    48108124      268     4.9%    277.2     0.2%     0.9%    19.2%     0.0%    69.5%     5.5%
Dec 19 01:51:08     27.8    48569248      268     4.9%    277.2     0.2%     0.9%    19.1%     0.0%    69.7%     5.5%
Dec 19 01:52:25     27.7    49076343      268     4.9%    277.2     0.2%     0.9%    19.0%     0.0%    69.8%     5.4%
Dec 19 01:53:41     27.7    49582819      268     4.9%    277.2     0.2%     0.9%    18.9%     0.0%    70.0%     5.4%
Dec 19 01:54:42     27.6    49997232      268     4.9%    277.2     0.2%     0.9%    18.8%     0.0%    70.1%     5.4%
Dec 19 01:55:49     27.6    50506428      268     4.9%    277.1     0.2%     0.9%    18.6%     0.0%    70.3%     5.4%
Dec 19 01:56:49     27.6    50831995      268     4.9%    277.1     0.2%     0.9%    18.6%     0.0%    70.4%     5.4%
Dec 19 01:57:59     27.5    51296517      268     4.9%    277.1     0.2%     0.9%    18.5%     0.0%    70.5%     5.3%
Dec 19 01:59:07     27.5    51853492      268     4.9%    277.1     0.2%     0.9%    18.3%     0.0%    70.6%     5.3%
Dec 19 02:00:08     27.5    52316290      268     4.8%    277.1     0.2%     0.9%    18.2%     0.0%    70.8%     5.3%
Dec 19 02:01:16     27.5    52686388      268     4.8%    277.1     0.2%     0.9%    18.1%     0.0%    70.9%     5.3%
Dec 19 02:02:20     27.5    53194924      268     4.8%    277.1     0.2%     0.9%    18.0%     0.0%    71.0%     5.2%
Dec 19 02:03:20     27.5    53656504      268     4.8%    277.0     0.2%     0.9%    17.9%     0.0%    71.1%     5.2%
Dec 19 02:04:20     27.4    53934000      268     4.8%    277.0     0.2%     0.9%    17.9%     0.0%    71.2%     5.2%
Dec 19 02:05:33     27.3    54397070      267     4.8%    277.0     0.2%     0.9%    17.8%     0.0%    71.3%     5.2%
Dec 19 02:07:00     27.3    55047104      267     4.8%    277.0     0.2%     0.9%    17.6%     0.0%    71.5%     5.2%
Dec 19 02:08:00     27.3    55511187      267     4.8%    277.0     0.2%     0.9%    17.5%     0.0%    71.6%     5.2%
Dec 19 02:09:01     27.3    55974886      267     4.8%    277.0     0.2%     0.9%    17.4%     0.0%    71.7%     5.2%
Dec 19 02:10:05     27.2    56253029      267     4.8%    276.9     0.2%     0.9%    17.4%     0.0%    71.8%     5.1%
Dec 19 02:11:15     27.2    56808431      267     4.8%    276.9     0.2%     0.9%    17.3%     0.0%    71.9%     5.1%
Dec 19 02:12:19     27.2    57224558      267     4.8%    276.9     0.2%     0.9%    17.2%     0.0%    72.0%     5.1%
Dec 19 02:13:27     27.1    57593262      267     4.8%    276.9     0.2%     0.9%    17.1%     0.0%    72.1%     5.1%
Dec 19 02:14:34     27.2    58198580      267     4.8%    276.9     0.2%     0.8%    17.0%     0.0%    72.2%     5.1%
Dec 19 02:15:37     27.3    58854239      267     4.8%    276.9     0.2%     0.8%    16.9%     0.0%    72.4%     5.1%
Dec 19 02:16:56     27.2    59368129      267     4.7%    276.9     0.2%     0.8%    16.8%     0.0%    72.5%     5.1%
Dec 19 02:17:56     27.2    59787863      267     4.7%    276.8     0.2%     0.8%    16.7%     0.0%    72.6%     5.1%
Dec 19 02:19:02     27.2    60347377      267     4.7%    276.8     0.2%     0.8%    16.6%     0.0%    72.7%     5.1%
Dec 19 02:20:02     27.3    60859238      267     4.6%    276.8     0.2%     0.8%    16.5%     0.0%    72.9%     5.1%
Dec 19 02:21:07     27.3    61325044      267     4.6%    276.8     0.2%     0.8%    16.5%     0.0%    73.0%     5.1%
Dec 19 02:22:23     27.3    61883696      267     4.6%    276.8     0.2%     0.8%    16.4%     0.0%    73.1%     5.1%
Dec 19 02:23:32     27.3    62441730      267     4.6%    276.8     0.2%     0.8%    16.3%     0.0%    73.2%     5.2%
Dec 19 02:24:47     27.2    62951791      267     4.5%    276.8     0.2%     0.8%    16.2%     0.0%    73.3%     5.2%
Dec 19 02:25:47     27.3    63555491      267     4.5%    276.8     0.2%     0.8%    16.1%     0.0%    73.4%     5.2%
Dec 19 02:26:56     27.3    64118570      267     4.5%    276.7     0.2%     0.8%    16.0%     0.0%    73.5%     5.2%
Dec 19 02:27:57     27.3    64586499      266     4.5%    276.7     0.2%     0.8%    15.9%     0.0%    73.6%     5.2%
Dec 19 02:29:03     27.3    65100324      266     4.4%    276.7     0.2%     0.8%    15.8%     0.0%    73.7%     5.2%
Dec 19 02:30:14     27.4    65753793      266     4.4%    276.7     0.2%     0.8%    15.7%     0.0%    73.9%     5.2%
Dec 19 02:31:24     27.4    66312823      266     4.4%    276.7     0.2%     0.8%    15.7%     0.0%    74.0%     5.2%
Dec 19 02:32:28     27.4    66778938      266     4.4%    276.7     0.2%     0.8%    15.6%     0.0%    74.0%     5.2%
Dec 19 02:33:34     27.4    67291245      266     4.3%    276.7     0.2%     0.8%    15.5%     0.0%    74.1%     5.2%
Dec 19 02:34:34     27.4    67849824      266     4.3%    276.7     0.2%     0.8%    15.4%     0.0%    74.2%     5.2%
Dec 19 02:35:34     27.4    68267957      266     4.3%    276.6     0.2%     0.8%    15.4%     0.0%    74.3%     5.2%
Dec 19 02:36:38     27.4    68778764      266     4.3%    276.6     0.2%     0.8%    15.3%     0.0%    74.4%     5.2%
Dec 19 02:37:45     27.4    69342137      266     4.2%    276.6     0.2%     0.8%    15.2%     0.0%    74.5%     5.2%
Dec 19 02:38:49     27.5    69859353      266     4.2%    276.6     0.2%     0.8%    15.2%     0.0%    74.6%     5.3%
Dec 19 02:39:50     27.5    70422997      266     4.2%    276.6     0.2%     0.8%    15.1%     0.0%    74.7%     5.3%
Dec 19 02:40:56     27.5    70938388      266     4.2%    276.6     0.2%     0.8%    15.0%     0.0%    74.8%     5.3%
Dec 19 02:41:56     27.5    71359343      266     4.2%    276.6     0.2%     0.8%    15.0%     0.0%    74.8%     5.3%
Dec 19 02:43:11     27.5    71873429      266     4.1%    276.5     0.2%     0.8%    14.9%     0.0%    74.9%     5.3%
Dec 19 02:44:39     27.5    72620265      266     4.1%    276.5     0.2%     0.8%    14.8%     0.0%    75.0%     5.3%
Dec 19 02:46:06     27.5    73365240      266     4.1%    276.5     0.2%     0.7%    14.7%     0.0%    75.1%     5.3%
Dec 19 02:47:06     27.6    74023589      266     4.1%    276.5     0.2%     0.7%    14.6%     0.0%    75.2%     5.3%
Dec 19 02:48:10     27.6    74446044      266     4.1%    276.5     0.2%     0.7%    14.6%     0.0%    75.3%     5.3%
Dec 19 02:49:12     27.6    74915223      265     4.0%    276.5     0.2%     0.7%    14.5%     0.0%    75.4%     5.3%
Dec 19 02:50:27     27.6    75571696      265     4.0%    276.4     0.2%     0.7%    14.4%     0.0%    75.5%     5.4%
Dec 19 02:51:29     27.6    76180162      265     4.0%    276.4     0.2%     0.7%    14.4%     0.0%    75.5%     5.4%
Dec 19 02:52:33     27.6    76647300      265     4.0%    276.4     0.2%     0.7%    14.3%     0.0%    75.6%     5.4%
Dec 19 02:53:41     27.6    77113976      265     4.0%    276.4     0.2%     0.7%    14.3%     0.0%    75.7%     5.4%
Dec 19 02:54:54     27.6    77671042      265     3.9%    276.4     0.2%     0.7%    14.2%     0.0%    75.7%     5.4%
Dec 19 02:55:56     27.6    78093939      265     4.0%    276.4     0.2%     0.7%    14.3%     0.0%    75.5%     5.4%
Dec 19 02:57:11     27.6    78609444      265     4.0%    276.3     0.2%     0.7%    14.5%     0.0%    75.4%     5.4%
Dec 19 02:58:13     27.6    79217090      265     4.0%    276.3     0.2%     0.7%    14.6%     0.0%    75.1%     5.5%
Dec 19 02:59:18     27.6    79683952      265     4.0%    276.3     0.2%     0.7%    14.7%     0.0%    75.0%     5.5%
Dec 19 03:00:21     27.6    80104424      265     4.1%    276.3     0.2%     0.8%    14.8%     0.0%    74.8%     5.5%
Dec 19 03:01:21     27.6    80664325      265     4.1%    276.3     0.2%     0.8%    14.9%     0.0%    74.7%     5.6%
Dec 19 03:02:21     27.6    80990696      265     4.1%    276.3     0.2%     0.8%    15.0%     0.0%    74.5%     5.6%
Dec 19 03:03:38     27.6    81597716      265     4.1%    276.3     0.2%     0.8%    15.1%     0.0%    74.3%     5.6%
Dec 19 03:04:40     27.6    82113731      265     4.2%    276.3     0.2%     0.8%    15.2%     0.0%    74.2%     5.7%
Dec 19 03:05:44     27.6    82535496      265     4.2%    276.2     0.2%     0.8%    15.3%     0.0%    74.0%     5.7%
Dec 19 03:06:44     27.6    83003236      265     4.2%    276.2     0.2%     0.8%    15.4%     0.0%    73.9%     5.7%
Dec 19 03:07:47     27.6    83423996      265     4.2%    276.2     0.2%     0.8%    15.5%     0.0%    73.8%     5.7%
Dec 19 03:08:55     27.5    83797894      265     4.2%    276.2     0.2%     0.8%    15.6%     0.0%    73.6%     5.8%
Dec 19 03:10:07     27.5    84311614      265     4.3%    276.2     0.2%     0.8%    15.7%     0.0%    73.5%     5.8%
Dec 19 03:11:10     27.5    84777754      265     4.3%    276.2     0.2%     0.8%    15.8%     0.0%    73.3%     5.8%
Dec 19 03:12:10     27.5    85198384      265     4.3%    276.2     0.2%     0.8%    15.9%     0.0%    73.2%     5.8%
Dec 19 03:13:12     27.5    85622807      265     4.3%    276.2     0.2%     0.8%    15.9%     0.0%    73.1%     5.9%
Dec 19 03:14:28     27.5    86187903      265     4.3%    276.1     0.2%     0.8%    16.0%     0.0%    72.9%     5.9%
Dec 19 03:15:28     27.4    86610692      265     4.3%    276.1     0.2%     0.8%    16.1%     0.0%    72.8%     5.9%
Dec 19 03:16:35     27.5    87173413      265     4.4%    276.1     0.2%     0.8%    16.2%     0.0%    72.6%     6.0%
Dec 19 03:17:38     27.4    87594943      265     4.4%    276.1     0.2%     0.8%    16.3%     0.0%    72.5%     6.0%
Dec 19 03:18:46     27.4    88110986      265     4.4%    276.1     0.2%     0.8%    16.4%     0.0%    72.4%     6.0%
Dec 19 03:19:49     27.4    88484791      265     4.4%    276.1     0.2%     0.8%    16.4%     0.0%    72.3%     6.1%
Dec 19 03:21:01     27.5    89190925      264     4.4%    276.0     0.2%     0.8%    16.5%     0.0%    72.1%     6.2%
Dec 19 03:22:03     27.4    89567117      264     4.4%    276.0     0.2%     0.8%    16.6%     0.0%    72.0%     6.2%
Dec 19 03:23:09     27.4    90083761      264     4.5%    276.0     0.2%     0.8%    16.6%     0.0%    71.8%     6.2%
Dec 19 03:24:11     27.4    90552896      264     4.5%    276.0     0.2%     0.8%    16.7%     0.0%    71.7%     6.3%
Dec 19 03:25:34     27.4    91019441      264     4.5%    276.0     0.2%     0.8%    16.8%     0.0%    71.6%     6.3%
Dec 19 03:26:36     27.4    91519833      264     4.5%    276.0     0.2%     0.8%    16.7%     0.0%    71.6%     6.3%
Dec 19 03:27:36     27.4    91971240      264     4.5%    276.0     0.2%     0.8%    16.7%     0.0%    71.7%     6.3%
Dec 19 03:28:42     27.4    92420871      264     4.4%    276.0     0.2%     0.8%    16.6%     0.0%    71.9%     6.3%
Dec 19 03:29:49     27.4    92914877      264     4.4%    276.0     0.2%     0.8%    16.5%     0.0%    72.0%     6.2%
Dec 19 03:30:49     27.3    93273967      264     4.4%    276.0     0.2%     0.8%    16.5%     0.0%    72.1%     6.2%
Dec 19 03:31:55     27.4    93812255      265     4.4%    276.0     0.2%     0.8%    16.4%     0.0%    72.2%     6.2%
Dec 19 03:33:06     27.3    94215678      265     4.4%    276.0     0.2%     0.8%    16.3%     0.0%    72.3%     6.2%
Dec 19 03:34:08     27.3    94664137      265     4.4%    276.0     0.2%     0.8%    16.2%     0.0%    72.5%     6.2%
Dec 19 03:35:10     27.3    95157401      265     4.3%    276.0     0.2%     0.8%    16.2%     0.0%    72.6%     6.1%
Dec 19 03:36:14     27.3    95561039      265     4.3%    276.0     0.2%     0.8%    16.1%     0.0%    72.7%     6.1%
Dec 19 03:37:16     27.3    95964450      265     4.3%    276.0     0.2%     0.8%    16.0%     0.0%    72.8%     6.1%
Dec 19 03:38:21     27.2    96322812      265     4.3%    276.0     0.2%     0.8%    16.0%     0.0%    72.9%     6.1%
Dec 19 03:39:25     27.3    96903846      265     4.3%    276.0     0.2%     0.8%    15.9%     0.0%    73.0%     6.0%
Dec 19 03:40:26     27.2    97309394      265     4.2%    276.0     0.2%     0.8%    15.8%     0.0%    73.1%     6.0%
Dec 19 03:41:46     27.2    97759736      265     4.2%    276.0     0.2%     0.8%    15.8%     0.0%    73.2%     6.0%
Dec 19 03:42:49     27.2    98254187      265     4.2%    276.0     0.2%     0.8%    15.7%     0.0%    73.3%     6.0%
Dec 19 03:43:51     27.2    98703447      265     4.2%    276.0     0.2%     0.8%    15.6%     0.0%    73.4%     6.0%
Dec 19 03:45:11     27.2    99197279      265     4.2%    276.0     0.2%     0.8%    15.5%     0.0%    73.6%     5.9%
Dec 19 03:46:21     27.2    99690828      265     4.2%    276.0     0.2%     0.8%    15.5%     0.0%    73.7%     5.9%
Dec 19 03:47:26     27.2   100183727      265     4.1%    276.0     0.2%     0.8%    15.4%     0.0%    73.8%     5.9%
Dec 19 03:48:40     27.1   100631006      265     4.1%    276.0     0.2%     0.8%    15.3%     0.0%    73.9%     5.9%
Dec 19 03:49:48     27.1   101122839      265     4.1%    276.0     0.2%     0.8%    15.3%     0.0%    74.0%     5.9%
Dec 19 03:50:58     27.1   101614571      265     4.1%    276.0     0.2%     0.8%    15.2%     0.0%    74.1%     5.8%
Dec 19 03:52:00     27.1   102016715      265     4.1%    276.0     0.2%     0.8%    15.2%     0.0%    74.2%     5.8%
Dec 19 03:53:07     27.1   102552568      265     4.1%    276.0     0.2%     0.7%    15.1%     0.0%    74.3%     5.8%
Dec 19 03:54:20     27.1   103046704      265     4.0%    276.0     0.2%     0.7%    15.0%     0.0%    74.4%     5.8%
Dec 19 03:55:25     27.1   103496188      265     4.0%    276.0     0.2%     0.7%    15.0%     0.0%    74.5%     5.8%
Dec 19 03:56:25     27.1   103945283      265     4.0%    276.0     0.2%     0.7%    14.9%     0.0%    74.6%     5.8%
Dec 19 03:57:26     27.1   104439053      265     4.0%    276.0     0.2%     0.7%    14.8%     0.0%    74.7%     5.7%
Dec 19 03:58:37     27.1   104842162      265     4.0%    276.0     0.2%     0.7%    14.8%     0.0%    74.8%     5.7%
Dec 19 03:59:48     27.0   105290325      265     4.0%    276.0     0.2%     0.7%    14.7%     0.0%    74.9%     5.7%
Dec 19 04:00:55     27.0   105827813      265     3.9%    276.0     0.2%     0.7%    14.6%     0.0%    75.0%     5.7%
Dec 19 04:02:01     27.0   106230993      265     3.9%    276.0     0.2%     0.7%    14.6%     0.0%    75.1%     5.7%
Dec 19 04:03:08     27.0   106678595      266     3.9%    276.0     0.2%     0.7%    14.5%     0.0%    75.2%     5.6%
Dec 19 04:04:15     27.0   107261229      266     3.9%    276.0     0.2%     0.7%    14.5%     0.0%    75.3%     5.6%
Dec 19 04:05:16     27.0   107530901      266     3.9%    276.0     0.2%     0.7%    14.4%     0.0%    75.3%     5.6%
Dec 19 04:06:26     27.0   108114535      266     3.9%    276.0     0.2%     0.7%    14.4%     0.0%    75.5%     5.6%
Dec 19 04:07:43     27.0   108698009      266     3.9%    276.0     0.2%     0.7%    14.3%     0.0%    75.6%     5.6%
Dec 19 04:08:45     27.0   109056984      266     3.8%    276.0     0.2%     0.7%    14.2%     0.0%    75.6%     5.6%
Dec 19 04:09:53     27.0   109550339      266     3.8%    276.0     0.2%     0.7%    14.2%     0.0%    75.7%     5.5%
Dec 19 04:11:02     27.0   110133031      266     3.8%    276.0     0.2%     0.7%    14.1%     0.0%    75.8%     5.5%
Dec 19 04:12:05     26.9   110446515      266     3.8%    276.0     0.2%     0.7%    14.1%     0.0%    75.9%     5.5%
Dec 19 04:13:14     26.9   110983765      266     3.8%    276.0     0.2%     0.7%    14.0%     0.0%    76.0%     5.5%
Dec 19 04:14:20     26.9   111476725      266     3.8%    276.0     0.2%     0.7%    14.0%     0.0%    76.1%     5.5%
Dec 19 04:15:20     26.9   111749876      266     3.8%    276.0     0.2%     0.7%    13.9%     0.0%    76.1%     5.5%
Dec 19 04:16:21     26.9   112340851      266     3.8%    276.0     0.2%     0.7%    13.9%     0.0%    76.1%     5.5%
Dec 19 04:17:24     26.9   112658475      266     3.8%    276.0     0.2%     0.7%    13.9%     0.0%    76.2%     5.5%
Dec 19 04:18:27     26.9   113066585      266     3.8%    276.0     0.2%     0.7%    13.9%     0.0%    76.2%     5.5%
Dec 19 04:19:39     26.9   113519554      266     3.8%    276.0     0.2%     0.7%    13.8%     0.0%    76.2%     5.4%
Dec 19 04:20:52     26.9   114063253      266     3.8%    276.0     0.2%     0.7%    13.8%     0.0%    76.3%     5.4%
Dec 19 04:21:52     26.9   114561236      266     3.8%    276.0     0.2%     0.7%    13.8%     0.0%    76.3%     5.4%
Dec 19 04:22:54     26.8   114877242      266     3.8%    276.0     0.2%     0.7%    13.7%     0.0%    76.3%     5.4%
Dec 19 04:24:02     26.8   115330501      266     3.9%    276.0     0.2%     0.7%    13.7%     0.0%    76.3%     5.4%
Dec 19 04:25:14     26.8   115876683      266     3.9%    276.0     0.2%     0.7%    13.7%     0.0%    76.4%     5.4%
Dec 19 04:26:27     26.8   116285578      266     3.9%    276.0     0.2%     0.7%    13.7%     0.0%    76.4%     5.4%
Dec 19 04:27:27     26.8   116830199      266     3.9%    276.1     0.2%     0.7%    13.6%     0.0%    76.4%     5.4%
Dec 19 04:28:30     26.8   117192682      266     3.9%    276.1     0.2%     0.7%    13.6%     0.0%    76.4%     5.4%
Dec 19 04:29:32     26.8   117645940      266     3.9%    276.1     0.2%     0.7%    13.6%     0.0%    76.5%     5.4%
Dec 19 04:30:36     26.8   118098993      266     3.9%    276.1     0.2%     0.7%    13.5%     0.0%    76.5%     5.4%
Dec 19 04:31:50     26.8   118596823      266     3.9%    276.1     0.2%     0.7%    13.5%     0.0%    76.5%     5.3%
Dec 19 04:32:50     26.8   119051076      266     3.9%    276.1     0.2%     0.7%    13.5%     0.0%    76.6%     5.3%
Dec 19 04:33:57     26.8   119507103      266     3.9%    276.1     0.2%     0.7%    13.5%     0.0%    76.6%     5.3%
Dec 19 04:35:02     26.8   119962932      266     3.9%    276.1     0.2%     0.7%    13.4%     0.0%    76.6%     5.3%
Dec 19 04:36:04     26.8   120462899      266     3.9%    276.1     0.2%     0.7%    13.4%     0.0%    76.6%     5.3%
Dec 19 04:37:04     26.8   120962605      266     4.0%    276.1     0.2%     0.7%    13.4%     0.0%    76.7%     5.3%
Dec 19 04:38:12     26.7   121280460      266     4.0%    276.1     0.2%     0.7%    13.4%     0.0%    76.7%     5.3%
Dec 19 04:39:15     26.8   121779260      266     4.0%    276.1     0.2%     0.7%    13.3%     0.0%    76.7%     5.3%
Dec 19 04:40:19     26.8   122326309      266     4.0%    276.1     0.2%     0.7%    13.3%     0.0%    76.7%     5.3%
Dec 19 04:41:19     26.8   122736244      266     4.0%    276.1     0.2%     0.7%    13.3%     0.0%    76.8%     5.3%
Dec 19 04:42:23     26.7   123100532      266     4.0%    276.1     0.2%     0.7%    13.2%     0.0%    76.8%     5.3%
Dec 19 04:43:24     26.7   123510020      266     4.0%    276.1     0.2%     0.7%    13.2%     0.0%    76.8%     5.3%
Dec 19 04:44:32     26.7   124055264      266     4.0%    276.1     0.2%     0.7%    13.2%     0.0%    76.8%     5.3%
Dec 19 04:46:45     26.6   124504514      266     4.0%    276.1     0.2%     0.7%    13.2%     0.0%    76.9%     5.3%
Dec 19 04:53:33     26.0   124504514      266     4.0%    276.1     0.2%     0.7%    13.2%     0.0%    76.9%     5.3%
ALL DONE!
