                                 Started job on |	Dec 19 00:05:33
                             Started mapping on |	Dec 19 00:06:08
                                    Finished on |	Dec 19 04:53:33
       Mapping speed, Million of reads per hour |	25.99

                          Number of input reads |	124504514
                      Average input read length |	266
                                    UNIQUE READS:
                   Uniquely mapped reads number |	4995748
                        Uniquely mapped reads % |	4.01%
                          Average mapped length |	276.12
                       Number of splices: Total |	4538636
            Number of splices: Annotated (sjdb) |	4507533
                       Number of splices: GT/AG |	4398101
                       Number of splices: GC/AG |	20958
                       Number of splices: AT/AC |	7360
               Number of splices: Non-canonical |	112217
                      Mismatch rate per base, % |	0.25%
                         Deletion rate per base |	0.02%
                        Deletion average length |	2.35
                        Insertion rate per base |	0.01%
                       Insertion average length |	1.76
                             MULTI-MAPPING READS:
        Number of reads mapped to multiple loci |	871057
             % of reads mapped to multiple loci |	0.70%
        Number of reads mapped to too many loci |	16397526
             % of reads mapped to too many loci |	13.17%
                                  UNMAPPED READS:
  Number of reads unmapped: too many mismatches |	0
       % of reads unmapped: too many mismatches |	0.00%
            Number of reads unmapped: too short |	95682945
                 % of reads unmapped: too short |	76.85%
                Number of reads unmapped: other |	6557238
                     % of reads unmapped: other |	5.27%
                                  CHIMERIC READS:
                       Number of chimeric reads |	0
                            % of chimeric reads |	0.00%
